[dubaiexchange.co/index.html]
[backblue.gif]
[fade.gif]
[index.html]
[cdn.jsdelivr.net/npm/bootstrap@5.3.0/dist/css/bootstrap.min.css]
[cdnjs.cloudflare.com/ajax/libs/animate.css/4.1.1/animate.min.css]
[cdnjs.cloudflare.com/ajax/libs/font-awesome/6.4.0/css/all.min.css]
[cdn.jsdelivr.net/npm/bootstrap-icons@1.13.1/font/bootstrap-icons.min.css]
[dubaiexchange.co/auth/login.html]
[dubaiexchange.co/auth/signup.html]
[dubaiexchange.co/index-2.html]
[dubaiexchange.co/rates.html]
[dubaiexchange.co/testimonial.html]
[dubaiexchange.co/news.html]
[dubaiexchange.co/contact.html]
[cdn.jsdelivr.net/npm/bootstrap@5.3.0/dist/js/bootstrap.bundle.min.js]
[dubaiexchange.co/get_whatsapp_number.php]
[cdnjs.cloudflare.com/ajax/libs/font-awesome/6.5.0/css/all.min.css]
[dubaiexchange.co/get_transactions.json]
[dubaiexchange.co/aboutus.html]
[dubaiexchange.co/cdn-cgi/l/email-protection]
[dubaiexchange.co/termsandconditions.html]
[dubaiexchange.co/privacypolicy.html]
[dubaiexchange.co/index.html]
[cdn.jsdelivr.net/npm/bootstrap@5.3.0/dist/css/bootstrap.min.css]
[cdnjs.cloudflare.com/ajax/libs/animate.css/4.1.1/animate.min.css]
[cdnjs.cloudflare.com/ajax/libs/font-awesome/6.4.0/css/all.min.css]
[dubaiexchange.co/cdn-cgi/scripts/5c5dd728/cloudflare-static/email-decode.min.js]
[cdn.jsdelivr.net/npm/bootstrap-icons@1.13.1/font/fonts/bootstrap-icons04d5.woff2]
[cdn.jsdelivr.net/npm/bootstrap-icons@1.13.1/font/fonts/bootstrap-icons04d5.woff]
[cdn.jsdelivr.net/npm/bootstrap-icons@1.13.1/font/bootstrap-icons.min.css]
[dubaiexchange.co/auth/login.html]
[dubaiexchange.co/auth/signup.html]
[dubaiexchange.co/auth/signup_process.json]
[dubaiexchange.co/index-2.html]
[dubaiexchange.co/rates.html]
[dubaiexchange.co/auth/login747e.html]
[dubaiexchange.co/testimonial.html]
[dubaiexchange.co/news.html]
[dubaiexchange.co/contact.html]
[cdnjs.cloudflare.com/ajax/libs/font-awesome/6.5.0/css/all.min.css]
[dubaiexchange.co/get_whatsapp_number.html]
[dubaiexchange.co/assets/${currencyCode}.html]
[code.jquery.com/jquery-3.6.0.min.js]
[dubaiexchange.co/aboutus.html]
[dubaiexchange.co/cdn-cgi/l/email-protection.html]
[dubaiexchange.co/termsandconditions.html]
[cdnjs.cloudflare.com/ajax/libs/font-awesome/6.0.0/css/all.min.css]
[dubaiexchange.co/privacypolicy.html]
[dubaiexchange.co/auth/login747e.html]
[cdnjs.cloudflare.com/ajax/libs/font-awesome/6.0.0/css/all.min.css]
